<?xml version="1.0" encoding="UTF-8"?>
<!-- Generated by org.testng.reporters.JUnitReportReporter -->
<testsuite hostname="tejal-home" failures="0" tests="1" name="com.tests.CRUDTekarchApiTest.AddUserDataApi" time="4.601" errors="0" timestamp="2022-02-21T17:35:58 EST" skipped="0">
  <testcase classname="com.tests.CRUDTekarchApiTest.AddUserDataApi" name="addUserData_TekarchApi" time="4.601"/>
  <system-out/>
</testsuite> <!-- com.tests.CRUDTekarchApiTest.AddUserDataApi -->
