<?xml version="1.0" encoding="UTF-8"?>
<!-- Generated by org.testng.reporters.JUnitReportReporter -->
<testsuite hostname="tejal-home" failures="0" tests="5" name="com.test.tests.TekarchApiTestE_To_E" time="3.649" errors="0" timestamp="2022-02-20T18:01:04 EST" skipped="1">
  <testcase classname="com.test.tests.TekarchApiTestE_To_E" name="TC_002_addUserData" time="0.365"/>
  <system-out/>
  <testcase classname="com.test.tests.TekarchApiTestE_To_E" name="TC_001_ValidLogin" time="2.609"/>
  <system-out/>
  <testcase classname="com.test.tests.TekarchApiTestE_To_E" name="TC_005_deleteUserData" time="0.304"/>
  <system-out/>
  <testcase classname="com.test.tests.TekarchApiTestE_To_E" name="TC_004_updateUserData" time="0.371"/>
  <system-out/>
  <testcase classname="com.test.tests.TekarchApiTestE_To_E" name="TC_003_getUserData">
    <skipped/>
  </testcase> <!-- TC_003_getUserData -->
  <system-out/>
</testsuite> <!-- com.test.tests.TekarchApiTestE_To_E -->
